{"/Users/maupal/Lab/wdlk-shopify-store/configuration/instagram/access.ts": {"path":"/Users/maupal/Lab/wdlk-shopify-store/configuration/instagram/access.ts","statementMap":{"0":{"start":{"line":5,"column":30},"end":{"line":null,"column":-1}},"1":{"start":{"line":5,"column":30},"end":{"line":5,"column":7}}},"fnMap":{},"branchMap":{},"s":{"0":0,"1":0},"f":{},"b":{}}
,"/Users/maupal/Lab/wdlk-shopify-store/src/scripts/index.ts": {"path":"/Users/maupal/Lab/wdlk-shopify-store/src/scripts/index.ts","statementMap":{"0":{"start":{"line":2,"column":0},"end":{"line":null,"column":-1}},"1":{"start":{"line":4,"column":0},"end":{"line":null,"column":-1}},"2":{"start":{"line":5,"column":0},"end":{"line":null,"column":-1}},"3":{"start":{"line":6,"column":0},"end":{"line":null,"column":-1}},"4":{"start":{"line":8,"column":0},"end":{"line":null,"column":-1}},"5":{"start":{"line":9,"column":0},"end":{"line":null,"column":-1}},"6":{"start":{"line":11,"column":0},"end":{"line":null,"column":-1}},"7":{"start":{"line":12,"column":0},"end":{"line":null,"column":-1}},"8":{"start":{"line":13,"column":0},"end":{"line":null,"column":-1}},"9":{"start":{"line":14,"column":0},"end":{"line":null,"column":-1}},"10":{"start":{"line":15,"column":0},"end":{"line":null,"column":-1}},"11":{"start":{"line":17,"column":13},"end":{"line":17,"column":0}},"12":{"start":{"line":18,"column":2},"end":{"line":null,"column":-1}},"13":{"start":{"line":19,"column":2},"end":{"line":null,"column":-1}},"14":{"start":{"line":20,"column":2},"end":{"line":null,"column":-1}},"15":{"start":{"line":21,"column":2},"end":{"line":null,"column":-1}},"16":{"start":{"line":22,"column":2},"end":{"line":null,"column":-1}},"17":{"start":{"line":23,"column":2},"end":{"line":null,"column":-1}},"18":{"start":{"line":24,"column":2},"end":{"line":null,"column":-1}},"19":{"start":{"line":25,"column":2},"end":{"line":null,"column":-1}},"20":{"start":{"line":26,"column":2},"end":{"line":null,"column":-1}},"21":{"start":{"line":27,"column":2},"end":{"line":null,"column":-1}},"22":{"start":{"line":30,"column":0},"end":{"line":null,"column":-1}}},"fnMap":{"0":{"name":"(anonymous_1)","decl":{"start":{"line":17,"column":13},"end":{"line":17,"column":23}},"loc":{"start":{"line":17,"column":24},"end":{"line":17,"column":0}}}},"branchMap":{},"s":{"0":0,"1":0,"2":0,"3":0,"4":0,"5":0,"6":0,"7":0,"8":0,"9":0,"10":0,"11":0,"12":0,"13":0,"14":0,"15":0,"16":0,"17":0,"18":0,"19":0,"20":0,"21":0,"22":0},"f":{"0":0},"b":{}}
,"/Users/maupal/Lab/wdlk-shopify-store/src/src/scripts/modules/cookie-notification.ts": {"path":"/Users/maupal/Lab/wdlk-shopify-store/src/src/scripts/modules/cookie-notification.ts","statementMap":{"0":{"start":{"line":4,"column":36},"end":{"line":4,"column":2}},"1":{"start":{"line":7,"column":2},"end":{"line":9,"column":3}},"2":{"start":{"line":8,"column":4},"end":{"line":null,"column":-1}},"3":{"start":{"line":11,"column":39},"end":{"line":11,"column":2}},"4":{"start":{"line":14,"column":27},"end":{"line":14,"column":2}},"5":{"start":{"line":17,"column":2},"end":{"line":null,"column":-1}},"6":{"start":{"line":18,"column":2},"end":{"line":20,"column":3}},"7":{"start":{"line":19,"column":4},"end":{"line":null,"column":-1}},"8":{"start":{"line":22,"column":23},"end":{"line":22,"column":2}},"9":{"start":{"line":23,"column":4},"end":{"line":null,"column":-1}},"10":{"start":{"line":25,"column":4},"end":{"line":null,"column":-1}},"11":{"start":{"line":31,"column":2},"end":{"line":null,"column":-1}}},"fnMap":{"0":{"name":"(anonymous_2)","decl":{"start":{"line":22,"column":23},"end":{"line":22,"column":22}},"loc":{"start":{"line":22,"column":35},"end":{"line":22,"column":2}}}},"branchMap":{"0":{"loc":{"start":{"line":7,"column":2},"end":{"line":9,"column":3}},"type":"if","locations":[{"start":{"line":7,"column":2},"end":{"line":9,"column":3}},{"start":{"line":7,"column":2},"end":{"line":9,"column":3}}]},"1":{"loc":{"start":{"line":18,"column":2},"end":{"line":20,"column":3}},"type":"if","locations":[{"start":{"line":18,"column":2},"end":{"line":20,"column":3}},{"start":{"line":18,"column":2},"end":{"line":20,"column":3}}]},"2":{"loc":{"start":{"line":27,"column":35},"end":{"line":27,"column":6}},"type":"cond-expr","locations":[{"start":{"line":27,"column":35},"end":{"line":27,"column":6}},{"start":{"line":27,"column":41},"end":{"line":25,"column":4}}]}},"s":{"0":0,"1":0,"2":0,"3":0,"4":0,"5":0,"6":0,"7":0,"8":0,"9":0,"10":0,"11":0},"f":{"0":0},"b":{"0":[0,0],"1":[0,0],"2":[0,0]}}
,"/Users/maupal/Lab/wdlk-shopify-store/src/src/scripts/modules/expander.ts": {"path":"/Users/maupal/Lab/wdlk-shopify-store/src/src/scripts/modules/expander.ts","statementMap":{"0":{"start":{"line":6,"column":13},"end":{"line":6,"column":7}},"1":{"start":{"line":10,"column":2},"end":{"line":12,"column":3}},"2":{"start":{"line":11,"column":4},"end":{"line":null,"column":-1}},"3":{"start":{"line":13,"column":2},"end":{"line":15,"column":3}},"4":{"start":{"line":14,"column":4},"end":{"line":null,"column":-1}},"5":{"start":{"line":16,"column":28},"end":{"line":16,"column":2}},"6":{"start":{"line":17,"column":2},"end":{"line":19,"column":3}},"7":{"start":{"line":18,"column":4},"end":{"line":null,"column":-1}},"8":{"start":{"line":21,"column":21},"end":{"line":21,"column":2}},"9":{"start":{"line":22,"column":33},"end":{"line":21,"column":21}},"10":{"start":{"line":25,"column":26},"end":{"line":25,"column":2}},"11":{"start":{"line":29,"column":4},"end":{"line":null,"column":-1}},"12":{"start":{"line":30,"column":6},"end":{"line":null,"column":-1}},"13":{"start":{"line":34,"column":2},"end":{"line":null,"column":-1}},"14":{"start":{"line":37,"column":13},"end":{"line":37,"column":7}},"15":{"start":{"line":41,"column":2},"end":{"line":43,"column":3}},"16":{"start":{"line":42,"column":4},"end":{"line":null,"column":-1}},"17":{"start":{"line":45,"column":24},"end":{"line":45,"column":2}},"18":{"start":{"line":46,"column":4},"end":{"line":null,"column":-1}},"19":{"start":{"line":47,"column":6},"end":{"line":null,"column":-1}},"20":{"start":{"line":51,"column":2},"end":{"line":null,"column":-1}},"21":{"start":{"line":52,"column":4},"end":{"line":null,"column":-1}},"22":{"start":{"line":56,"column":13},"end":{"line":56,"column":7}},"23":{"start":{"line":57,"column":16},"end":{"line":57,"column":2}},"24":{"start":{"line":58,"column":2},"end":{"line":null,"column":-1}},"25":{"start":{"line":59,"column":2},"end":{"line":null,"column":-1}},"26":{"start":{"line":60,"column":2},"end":{"line":null,"column":-1}}},"fnMap":{"0":{"name":"(anonymous_0)","decl":{"start":{"line":6,"column":24},"end":{"line":7,"column":2}},"loc":{"start":{"line":9,"column":10},"end":{"line":6,"column":7}}},"1":{"name":"(anonymous_1)","decl":{"start":{"line":22,"column":5},"end":{"line":22,"column":3}},"loc":{"start":{"line":22,"column":33},"end":{"line":21,"column":21}}},"2":{"name":"(anonymous_2)","decl":{"start":{"line":25,"column":26},"end":{"line":26,"column":4}},"loc":{"start":{"line":28,"column":6},"end":{"line":25,"column":2}}},"3":{"name":"(anonymous_3)","decl":{"start":{"line":29,"column":26},"end":{"line":29,"column":27}},"loc":{"start":{"line":29,"column":57},"end":{"line":29,"column":4}}},"4":{"name":"(anonymous_4)","decl":{"start":{"line":37,"column":26},"end":{"line":38,"column":2}},"loc":{"start":{"line":40,"column":4},"end":{"line":37,"column":7}}},"5":{"name":"(anonymous_5)","decl":{"start":{"line":45,"column":24},"end":{"line":45,"column":28}},"loc":{"start":{"line":45,"column":29},"end":{"line":45,"column":2}}},"6":{"name":"(anonymous_6)","decl":{"start":{"line":46,"column":22},"end":{"line":46,"column":20}},"loc":{"start":{"line":46,"column":43},"end":{"line":46,"column":4}}},"7":{"name":"(anonymous_7)","decl":{"start":{"line":51,"column":26},"end":{"line":51,"column":24}},"loc":{"start":{"line":51,"column":53},"end":{"line":51,"column":2}}},"8":{"name":"(anonymous_8)","decl":{"start":{"line":56,"column":28},"end":{"line":56,"column":32}},"loc":{"start":{"line":56,"column":33},"end":{"line":56,"column":7}}}},"branchMap":{"0":{"loc":{"start":{"line":10,"column":2},"end":{"line":12,"column":3}},"type":"if","locations":[{"start":{"line":10,"column":2},"end":{"line":12,"column":3}},{"start":{"line":10,"column":2},"end":{"line":12,"column":3}}]},"1":{"loc":{"start":{"line":13,"column":2},"end":{"line":15,"column":3}},"type":"if","locations":[{"start":{"line":13,"column":2},"end":{"line":15,"column":3}},{"start":{"line":13,"column":2},"end":{"line":15,"column":3}}]},"2":{"loc":{"start":{"line":17,"column":2},"end":{"line":19,"column":3}},"type":"if","locations":[{"start":{"line":17,"column":2},"end":{"line":19,"column":3}},{"start":{"line":17,"column":2},"end":{"line":19,"column":3}}]},"3":{"loc":{"start":{"line":41,"column":2},"end":{"line":43,"column":3}},"type":"if","locations":[{"start":{"line":41,"column":2},"end":{"line":43,"column":3}},{"start":{"line":41,"column":2},"end":{"line":43,"column":3}}]}},"s":{"0":0,"1":0,"2":0,"3":0,"4":0,"5":0,"6":0,"7":0,"8":0,"9":0,"10":0,"11":0,"12":0,"13":0,"14":0,"15":0,"16":0,"17":0,"18":0,"19":0,"20":0,"21":0,"22":0,"23":0,"24":0,"25":0,"26":0},"f":{"0":0,"1":0,"2":0,"3":0,"4":0,"5":0,"6":0,"7":0,"8":0},"b":{"0":[0,0],"1":[0,0],"2":[0,0],"3":[0,0]}}
,"/Users/maupal/Lab/wdlk-shopify-store/src/src/scripts/modules/fade-through.ts": {"path":"/Users/maupal/Lab/wdlk-shopify-store/src/src/scripts/modules/fade-through.ts","statementMap":{"0":{"start":{"line":1,"column":25},"end":{"line":null,"column":-1}},"1":{"start":{"line":1,"column":25},"end":{"line":1,"column":0}},"2":{"start":{"line":2,"column":26},"end":{"line":2,"column":2}},"3":{"start":{"line":3,"column":2},"end":{"line":5,"column":3}},"4":{"start":{"line":4,"column":4},"end":{"line":null,"column":-1}},"5":{"start":{"line":6,"column":39},"end":{"line":6,"column":2}},"6":{"start":{"line":9,"column":2},"end":{"line":11,"column":3}},"7":{"start":{"line":10,"column":4},"end":{"line":null,"column":-1}},"8":{"start":{"line":12,"column":18},"end":{"line":12,"column":2}},"9":{"start":{"line":14,"column":23},"end":{"line":14,"column":2}},"10":{"start":{"line":15,"column":4},"end":{"line":null,"column":-1}},"11":{"start":{"line":16,"column":4},"end":{"line":null,"column":-1}},"12":{"start":{"line":19,"column":2},"end":{"line":null,"column":-1}},"13":{"start":{"line":20,"column":4},"end":{"line":null,"column":-1}}},"fnMap":{"0":{"name":"(anonymous_0)","decl":{"start":{"line":1,"column":25},"end":{"line":null,"column":-1}},"loc":{"start":{"line":1,"column":25},"end":{"line":1,"column":0}}},"1":{"name":"(anonymous_1)","decl":{"start":{"line":14,"column":23},"end":{"line":14,"column":22}},"loc":{"start":{"line":14,"column":41},"end":{"line":14,"column":2}}},"2":{"name":"(anonymous_2)","decl":{"start":{"line":19,"column":24},"end":{"line":19,"column":22}},"loc":{"start":{"line":19,"column":44},"end":{"line":19,"column":2}}}},"branchMap":{"0":{"loc":{"start":{"line":3,"column":2},"end":{"line":5,"column":3}},"type":"if","locations":[{"start":{"line":3,"column":2},"end":{"line":5,"column":3}},{"start":{"line":3,"column":2},"end":{"line":5,"column":3}}]},"1":{"loc":{"start":{"line":9,"column":2},"end":{"line":11,"column":3}},"type":"if","locations":[{"start":{"line":9,"column":2},"end":{"line":11,"column":3}},{"start":{"line":9,"column":2},"end":{"line":11,"column":3}}]},"2":{"loc":{"start":{"line":16,"column":56},"end":{"line":16,"column":44}},"type":"cond-expr","locations":[{"start":{"line":16,"column":56},"end":{"line":16,"column":44}},{"start":{"line":16,"column":60},"end":{"line":16,"column":61}}]}},"s":{"0":0,"1":0,"2":0,"3":0,"4":0,"5":0,"6":0,"7":0,"8":0,"9":0,"10":0,"11":0,"12":0,"13":0},"f":{"0":0,"1":0,"2":0},"b":{"0":[0,0],"1":[0,0],"2":[0,0]}}
,"/Users/maupal/Lab/wdlk-shopify-store/src/src/scripts/modules/instagram-feed.ts": {"path":"/Users/maupal/Lab/wdlk-shopify-store/src/src/scripts/modules/instagram-feed.ts","statementMap":{"0":{"start":{"line":2,"column":0},"end":{"line":null,"column":-1}},"1":{"start":{"line":37,"column":28},"end":{"line":37,"column":2}},"2":{"start":{"line":38,"column":2},"end":{"line":40,"column":3}},"3":{"start":{"line":39,"column":4},"end":{"line":null,"column":-1}},"4":{"start":{"line":41,"column":2},"end":{"line":43,"column":3}},"5":{"start":{"line":42,"column":4},"end":{"line":null,"column":-1}},"6":{"start":{"line":45,"column":20},"end":{"line":45,"column":2}},"7":{"start":{"line":46,"column":19},"end":{"line":46,"column":2}},"8":{"start":{"line":49,"column":24},"end":{"line":49,"column":2}},"9":{"start":{"line":50,"column":4},"end":{"line":49,"column":2}},"10":{"start":{"line":51,"column":6},"end":{"line":null,"column":-1}},"11":{"start":{"line":52,"column":8},"end":{"line":55,"column":9}},"12":{"start":{"line":53,"column":10},"end":{"line":null,"column":-1}},"13":{"start":{"line":54,"column":10},"end":{"line":null,"column":-1}},"14":{"start":{"line":56,"column":8},"end":{"line":null,"column":-1}},"15":{"start":{"line":61,"column":20},"end":{"line":61,"column":2}},"16":{"start":{"line":61,"column":47},"end":{"line":61,"column":2}},"17":{"start":{"line":62,"column":23},"end":{"line":62,"column":2}},"18":{"start":{"line":62,"column":41},"end":{"line":62,"column":2}},"19":{"start":{"line":62,"column":79},"end":{"line":62,"column":41}},"20":{"start":{"line":63,"column":27},"end":{"line":63,"column":2}},"21":{"start":{"line":64,"column":17},"end":{"line":64,"column":4}},"22":{"start":{"line":65,"column":4},"end":{"line":null,"column":-1}},"23":{"start":{"line":68,"column":32},"end":{"line":68,"column":2}},"24":{"start":{"line":69,"column":25},"end":{"line":69,"column":4}},"25":{"start":{"line":70,"column":24},"end":{"line":70,"column":6}},"26":{"start":{"line":82,"column":20},"end":{"line":82,"column":6}},"27":{"start":{"line":96,"column":22},"end":{"line":96,"column":6}},"28":{"start":{"line":109,"column":19},"end":{"line":109,"column":6}},"29":{"start":{"line":128,"column":6},"end":{"line":null,"column":-1}},"30":{"start":{"line":130,"column":4},"end":{"line":null,"column":-1}},"31":{"start":{"line":133,"column":2},"end":{"line":null,"column":-1}},"32":{"start":{"line":133,"column":56},"end":{"line":133,"column":2}},"33":{"start":{"line":135,"column":4},"end":{"line":null,"column":-1}}},"fnMap":{"0":{"name":"instagramFeed","decl":{"start":{"line":36,"column":14},"end":{"line":36,"column":13}},"loc":{"start":{"line":36,"column":14},"end":{"line":139,"column":1}}},"1":{"name":"(anonymous_2)","decl":{"start":{"line":49,"column":24},"end":{"line":49,"column":22}},"loc":{"start":{"line":50,"column":4},"end":{"line":49,"column":2}}},"2":{"name":"(anonymous_3)","decl":{"start":{"line":50,"column":16},"end":{"line":50,"column":17}},"loc":{"start":{"line":50,"column":36},"end":{"line":50,"column":4}}},"3":{"name":"(anonymous_4)","decl":{"start":{"line":51,"column":17},"end":{"line":51,"column":18}},"loc":{"start":{"line":51,"column":53},"end":{"line":51,"column":6}}},"4":{"name":"(anonymous_5)","decl":{"start":{"line":61,"column":20},"end":{"line":61,"column":18}},"loc":{"start":{"line":61,"column":47},"end":{"line":61,"column":2}}},"5":{"name":"(anonymous_6)","decl":{"start":{"line":62,"column":23},"end":{"line":62,"column":21}},"loc":{"start":{"line":62,"column":41},"end":{"line":62,"column":2}}},"6":{"name":"(anonymous_7)","decl":{"start":{"line":62,"column":52},"end":{"line":62,"column":53}},"loc":{"start":{"line":62,"column":79},"end":{"line":62,"column":41}}},"7":{"name":"(anonymous_8)","decl":{"start":{"line":63,"column":27},"end":{"line":63,"column":25}},"loc":{"start":{"line":63,"column":48},"end":{"line":63,"column":2}}},"8":{"name":"(anonymous_9)","decl":{"start":{"line":68,"column":32},"end":{"line":68,"column":30}},"loc":{"start":{"line":68,"column":55},"end":{"line":68,"column":2}}},"9":{"name":"(anonymous_10)","decl":{"start":{"line":69,"column":33},"end":{"line":69,"column":34}},"loc":{"start":{"line":69,"column":66},"end":{"line":69,"column":25}}},"10":{"name":"(anonymous_11)","decl":{"start":{"line":133,"column":31},"end":{"line":133,"column":29}},"loc":{"start":{"line":133,"column":56},"end":{"line":133,"column":2}}},"11":{"name":"(anonymous_12)","decl":{"start":{"line":134,"column":3},"end":{"line":134,"column":1}},"loc":{"start":{"line":134,"column":20},"end":{"line":133,"column":2}}}},"branchMap":{"0":{"loc":{"start":{"line":38,"column":2},"end":{"line":40,"column":3}},"type":"if","locations":[{"start":{"line":38,"column":2},"end":{"line":40,"column":3}},{"start":{"line":38,"column":2},"end":{"line":40,"column":3}}]},"1":{"loc":{"start":{"line":41,"column":2},"end":{"line":43,"column":3}},"type":"if","locations":[{"start":{"line":41,"column":2},"end":{"line":43,"column":3}},{"start":{"line":41,"column":2},"end":{"line":43,"column":3}}]},"2":{"loc":{"start":{"line":52,"column":8},"end":{"line":55,"column":9}},"type":"if","locations":[{"start":{"line":52,"column":8},"end":{"line":55,"column":9}},{"start":{"line":52,"column":8},"end":{"line":55,"column":9}}]}},"s":{"0":0,"1":0,"2":0,"3":0,"4":0,"5":0,"6":0,"7":0,"8":0,"9":0,"10":0,"11":0,"12":0,"13":0,"14":0,"15":0,"16":0,"17":0,"18":0,"19":0,"20":0,"21":0,"22":0,"23":0,"24":0,"25":0,"26":0,"27":0,"28":0,"29":0,"30":0,"31":0,"32":0,"33":0},"f":{"0":0,"1":0,"2":0,"3":0,"4":0,"5":0,"6":0,"7":0,"8":0,"9":0,"10":0,"11":0},"b":{"0":[0,0],"1":[0,0],"2":[0,0]}}
,"/Users/maupal/Lab/wdlk-shopify-store/src/src/scripts/modules/logger.ts": {"path":"/Users/maupal/Lab/wdlk-shopify-store/src/src/scripts/modules/logger.ts","statementMap":{"0":{"start":{"line":2,"column":71},"end":{"line":null,"column":-1}},"1":{"start":{"line":3,"column":17},"end":{"line":3,"column":4}},"2":{"start":{"line":4,"column":4},"end":{"line":12,"column":5}},"3":{"start":{"line":7,"column":12},"end":{"line":11,"column":13}},"4":{"start":{"line":8,"column":16},"end":{"line":null,"column":-1}},"5":{"start":{"line":10,"column":16},"end":{"line":null,"column":-1}}},"fnMap":{"0":{"name":"logger","decl":{"start":{"line":2,"column":71},"end":{"line":null,"column":-1}},"loc":{"start":{"line":2,"column":71},"end":{"line":13,"column":1}}}},"branchMap":{"0":{"loc":{"start":{"line":2,"column":71},"end":{"line":null,"column":-1}},"type":"default-arg","locations":[{"start":{"line":2,"column":71},"end":{"line":null,"column":-1}}]},"1":{"loc":{"start":{"line":4,"column":4},"end":{"line":12,"column":5}},"type":"if","locations":[{"start":{"line":4,"column":4},"end":{"line":12,"column":5}},{"start":{"line":4,"column":4},"end":{"line":12,"column":5}}]},"2":{"loc":{"start":{"line":4,"column":8},"end":{"line":4,"column":7}},"type":"binary-expr","locations":[{"start":{"line":4,"column":8},"end":{"line":4,"column":7}},{"start":{"line":5,"column":8},"end":{"line":4,"column":8}},{"start":{"line":6,"column":8},"end":{"line":4,"column":4}}]},"3":{"loc":{"start":{"line":7,"column":12},"end":{"line":11,"column":13}},"type":"if","locations":[{"start":{"line":7,"column":12},"end":{"line":11,"column":13}},{"start":{"line":7,"column":12},"end":{"line":11,"column":13}}]}},"s":{"0":0,"1":0,"2":0,"3":0,"4":0,"5":0},"f":{"0":0},"b":{"0":[0],"1":[0,0],"2":[0,0,0],"3":[0,0]}}
,"/Users/maupal/Lab/wdlk-shopify-store/src/src/scripts/modules/notification.ts": {"path":"/Users/maupal/Lab/wdlk-shopify-store/src/src/scripts/modules/notification.ts","statementMap":{"0":{"start":{"line":3,"column":14},"end":{"line":null,"column":-1}},"1":{"start":{"line":4,"column":38},"end":{"line":4,"column":2}},"2":{"start":{"line":7,"column":2},"end":{"line":9,"column":3}},"3":{"start":{"line":8,"column":4},"end":{"line":null,"column":-1}},"4":{"start":{"line":10,"column":32},"end":{"line":10,"column":2}},"5":{"start":{"line":14,"column":29},"end":{"line":14,"column":2}},"6":{"start":{"line":15,"column":22},"end":{"line":15,"column":2}},"7":{"start":{"line":17,"column":2},"end":{"line":19,"column":3}},"8":{"start":{"line":18,"column":4},"end":{"line":null,"column":-1}},"9":{"start":{"line":21,"column":2},"end":{"line":23,"column":3}},"10":{"start":{"line":22,"column":4},"end":{"line":null,"column":-1}},"11":{"start":{"line":25,"column":27},"end":{"line":25,"column":2}},"12":{"start":{"line":26,"column":4},"end":{"line":null,"column":-1}},"13":{"start":{"line":27,"column":4},"end":{"line":null,"column":-1}},"14":{"start":{"line":30,"column":2},"end":{"line":null,"column":-1}}},"fnMap":{"0":{"name":"notification","decl":{"start":{"line":3,"column":14},"end":{"line":null,"column":-1}},"loc":{"start":{"line":3,"column":14},"end":{"line":31,"column":1}}},"1":{"name":"(anonymous_1)","decl":{"start":{"line":25,"column":27},"end":{"line":25,"column":37}},"loc":{"start":{"line":25,"column":38},"end":{"line":25,"column":2}}}},"branchMap":{"0":{"loc":{"start":{"line":7,"column":2},"end":{"line":9,"column":3}},"type":"if","locations":[{"start":{"line":7,"column":2},"end":{"line":9,"column":3}},{"start":{"line":7,"column":2},"end":{"line":9,"column":3}}]},"1":{"loc":{"start":{"line":17,"column":2},"end":{"line":19,"column":3}},"type":"if","locations":[{"start":{"line":17,"column":2},"end":{"line":19,"column":3}},{"start":{"line":17,"column":2},"end":{"line":19,"column":3}}]},"2":{"loc":{"start":{"line":21,"column":2},"end":{"line":23,"column":3}},"type":"if","locations":[{"start":{"line":21,"column":2},"end":{"line":23,"column":3}},{"start":{"line":21,"column":2},"end":{"line":23,"column":3}}]}},"s":{"0":0,"1":0,"2":0,"3":0,"4":0,"5":0,"6":0,"7":0,"8":0,"9":0,"10":0,"11":0,"12":0,"13":0,"14":0},"f":{"0":0,"1":0},"b":{"0":[0,0],"1":[0,0],"2":[0,0]}}
,"/Users/maupal/Lab/wdlk-shopify-store/src/src/scripts/modules/number-input.ts": {"path":"/Users/maupal/Lab/wdlk-shopify-store/src/src/scripts/modules/number-input.ts","statementMap":{"0":{"start":{"line":1,"column":14},"end":{"line":null,"column":-1}},"1":{"start":{"line":2,"column":49},"end":{"line":2,"column":4}},"2":{"start":{"line":3,"column":4},"end":{"line":5,"column":5}},"3":{"start":{"line":4,"column":6},"end":{"line":null,"column":-1}},"4":{"start":{"line":7,"column":22},"end":{"line":7,"column":4}},"5":{"start":{"line":7,"column":44},"end":{"line":7,"column":4}},"6":{"start":{"line":8,"column":22},"end":{"line":8,"column":4}},"7":{"start":{"line":8,"column":44},"end":{"line":8,"column":4}},"8":{"start":{"line":10,"column":4},"end":{"line":null,"column":-1}},"9":{"start":{"line":11,"column":25},"end":{"line":11,"column":8}},"10":{"start":{"line":12,"column":18},"end":{"line":12,"column":8}},"11":{"start":{"line":13,"column":42},"end":{"line":13,"column":8}},"12":{"start":{"line":14,"column":8},"end":{"line":16,"column":9}},"13":{"start":{"line":15,"column":12},"end":{"line":null,"column":-1}},"14":{"start":{"line":17,"column":8},"end":{"line":null,"column":-1}},"15":{"start":{"line":18,"column":8},"end":{"line":null,"column":-1}},"16":{"start":{"line":20,"column":8},"end":{"line":null,"column":-1}},"17":{"start":{"line":21,"column":12},"end":{"line":24,"column":13}},"18":{"start":{"line":22,"column":16},"end":{"line":null,"column":-1}},"19":{"start":{"line":23,"column":16},"end":{"line":null,"column":-1}},"20":{"start":{"line":26,"column":12},"end":{"line":32,"column":13}},"21":{"start":{"line":27,"column":16},"end":{"line":29,"column":17}},"22":{"start":{"line":28,"column":20},"end":{"line":null,"column":-1}},"23":{"start":{"line":30,"column":16},"end":{"line":null,"column":-1}},"24":{"start":{"line":31,"column":16},"end":{"line":null,"column":-1}}},"fnMap":{"0":{"name":"numberInput","decl":{"start":{"line":1,"column":14},"end":{"line":null,"column":-1}},"loc":{"start":{"line":1,"column":14},"end":{"line":36,"column":1}}},"1":{"name":"(anonymous_1)","decl":{"start":{"line":7,"column":22},"end":{"line":7,"column":21}},"loc":{"start":{"line":7,"column":44},"end":{"line":7,"column":4}}},"2":{"name":"(anonymous_2)","decl":{"start":{"line":8,"column":22},"end":{"line":8,"column":21}},"loc":{"start":{"line":8,"column":44},"end":{"line":8,"column":4}}},"3":{"name":"(anonymous_3)","decl":{"start":{"line":10,"column":26},"end":{"line":10,"column":32}},"loc":{"start":{"line":10,"column":33},"end":{"line":10,"column":4}}},"4":{"name":"(anonymous_4)","decl":{"start":{"line":20,"column":40},"end":{"line":20,"column":39}},"loc":{"start":{"line":20,"column":52},"end":{"line":20,"column":8}}}},"branchMap":{"0":{"loc":{"start":{"line":3,"column":4},"end":{"line":5,"column":5}},"type":"if","locations":[{"start":{"line":3,"column":4},"end":{"line":5,"column":5}},{"start":{"line":3,"column":4},"end":{"line":5,"column":5}}]},"1":{"loc":{"start":{"line":14,"column":8},"end":{"line":16,"column":9}},"type":"if","locations":[{"start":{"line":14,"column":8},"end":{"line":16,"column":9}},{"start":{"line":14,"column":8},"end":{"line":16,"column":9}}]},"2":{"loc":{"start":{"line":21,"column":12},"end":{"line":24,"column":13}},"type":"if","locations":[{"start":{"line":21,"column":12},"end":{"line":24,"column":13}},{"start":{"line":21,"column":12},"end":{"line":24,"column":13}}]},"3":{"loc":{"start":{"line":26,"column":12},"end":{"line":32,"column":13}},"type":"if","locations":[{"start":{"line":26,"column":12},"end":{"line":32,"column":13}},{"start":{"line":26,"column":12},"end":{"line":32,"column":13}}]},"4":{"loc":{"start":{"line":27,"column":16},"end":{"line":29,"column":17}},"type":"if","locations":[{"start":{"line":27,"column":16},"end":{"line":29,"column":17}},{"start":{"line":27,"column":16},"end":{"line":29,"column":17}}]}},"s":{"0":0,"1":0,"2":0,"3":0,"4":0,"5":0,"6":0,"7":0,"8":0,"9":0,"10":0,"11":0,"12":0,"13":0,"14":0,"15":0,"16":0,"17":0,"18":0,"19":0,"20":0,"21":0,"22":0,"23":0,"24":0},"f":{"0":0,"1":0,"2":0,"3":0,"4":0},"b":{"0":[0,0],"1":[0,0],"2":[0,0],"3":[0,0],"4":[0,0]}}
,"/Users/maupal/Lab/wdlk-shopify-store/src/src/scripts/modules/smooth-scrolling.ts": {"path":"/Users/maupal/Lab/wdlk-shopify-store/src/src/scripts/modules/smooth-scrolling.ts","statementMap":{"0":{"start":{"line":11,"column":13},"end":{"line":11,"column":7}},"1":{"start":{"line":15,"column":2},"end":{"line":17,"column":3}},"2":{"start":{"line":16,"column":4},"end":{"line":null,"column":-1}},"3":{"start":{"line":22,"column":3},"end":{"line":null,"column":-1}},"4":{"start":{"line":23,"column":4},"end":{"line":null,"column":-1}},"5":{"start":{"line":24,"column":4},"end":{"line":26,"column":5}},"6":{"start":{"line":25,"column":6},"end":{"line":null,"column":-1}},"7":{"start":{"line":27,"column":4},"end":{"line":null,"column":-1}},"8":{"start":{"line":28,"column":4},"end":{"line":null,"column":-1}},"9":{"start":{"line":31,"column":19},"end":{"line":31,"column":2}},"10":{"start":{"line":37,"column":26},"end":{"line":37,"column":4}},"11":{"start":{"line":38,"column":26},"end":{"line":38,"column":4}},"12":{"start":{"line":39,"column":35},"end":{"line":39,"column":4}},"13":{"start":{"line":42,"column":4},"end":{"line":null,"column":-1}},"14":{"start":{"line":44,"column":27},"end":{"line":44,"column":4}},"15":{"start":{"line":45,"column":6},"end":{"line":null,"column":-1}},"16":{"start":{"line":46,"column":24},"end":{"line":46,"column":6}},"17":{"start":{"line":48,"column":6},"end":{"line":51,"column":7}},"18":{"start":{"line":50,"column":8},"end":{"line":null,"column":-1}},"19":{"start":{"line":53,"column":6},"end":{"line":null,"column":-1}},"20":{"start":{"line":59,"column":6},"end":{"line":null,"column":-1}},"21":{"start":{"line":62,"column":4},"end":{"line":null,"column":-1}},"22":{"start":{"line":65,"column":2},"end":{"line":null,"column":-1}},"23":{"start":{"line":65,"column":32},"end":{"line":65,"column":2}},"24":{"start":{"line":66,"column":15},"end":{"line":66,"column":4}},"25":{"start":{"line":67,"column":21},"end":{"line":67,"column":4}},"26":{"start":{"line":69,"column":20},"end":{"line":69,"column":4}},"27":{"start":{"line":70,"column":6},"end":{"line":null,"column":-1}},"28":{"start":{"line":72,"column":6},"end":{"line":null,"column":-1}},"29":{"start":{"line":73,"column":8},"end":{"line":null,"column":-1}},"30":{"start":{"line":74,"column":10},"end":{"line":null,"column":-1}},"31":{"start":{"line":79,"column":4},"end":{"line":null,"column":-1}},"32":{"start":{"line":83,"column":13},"end":{"line":83,"column":7}},"33":{"start":{"line":84,"column":2},"end":{"line":null,"column":-1}}},"fnMap":{"0":{"name":"(anonymous_0)","decl":{"start":{"line":11,"column":31},"end":{"line":12,"column":2}},"loc":{"start":{"line":14,"column":4},"end":{"line":11,"column":7}}},"1":{"name":"(anonymous_1)","decl":{"start":{"line":22,"column":44},"end":{"line":22,"column":45}},"loc":{"start":{"line":22,"column":59},"end":{"line":22,"column":3}}},"2":{"name":"(anonymous_2)","decl":{"start":{"line":31,"column":19},"end":{"line":32,"column":4}},"loc":{"start":{"line":36,"column":12},"end":{"line":31,"column":2}}},"3":{"name":"(anonymous_3)","decl":{"start":{"line":42,"column":15},"end":{"line":42,"column":14}},"loc":{"start":{"line":42,"column":15},"end":{"line":42,"column":4}}},"4":{"name":"(anonymous_4)","decl":{"start":{"line":44,"column":27},"end":{"line":44,"column":25}},"loc":{"start":{"line":44,"column":54},"end":{"line":44,"column":4}}},"5":{"name":"(anonymous_5)","decl":{"start":{"line":65,"column":26},"end":{"line":65,"column":31}},"loc":{"start":{"line":65,"column":32},"end":{"line":65,"column":2}}},"6":{"name":"(anonymous_6)","decl":{"start":{"line":65,"column":65},"end":{"line":65,"column":69}},"loc":{"start":{"line":65,"column":70},"end":{"line":65,"column":2}}},"7":{"name":"(anonymous_7)","decl":{"start":{"line":69,"column":20},"end":{"line":69,"column":19}},"loc":{"start":{"line":69,"column":32},"end":{"line":69,"column":4}}},"8":{"name":"(anonymous_8)","decl":{"start":{"line":72,"column":28},"end":{"line":72,"column":26}},"loc":{"start":{"line":72,"column":46},"end":{"line":72,"column":6}}},"9":{"name":"(anonymous_9)","decl":{"start":{"line":73,"column":40},"end":{"line":73,"column":44}},"loc":{"start":{"line":73,"column":45},"end":{"line":73,"column":8}}},"10":{"name":"(anonymous_10)","decl":{"start":{"line":83,"column":35},"end":{"line":83,"column":45}},"loc":{"start":{"line":83,"column":46},"end":{"line":83,"column":7}}}},"branchMap":{"0":{"loc":{"start":{"line":13,"column":38},"end":{"line":11,"column":31}},"type":"default-arg","locations":[{"start":{"line":13,"column":38},"end":{"line":11,"column":31}}]},"1":{"loc":{"start":{"line":15,"column":2},"end":{"line":17,"column":3}},"type":"if","locations":[{"start":{"line":15,"column":2},"end":{"line":17,"column":3}},{"start":{"line":15,"column":2},"end":{"line":17,"column":3}}]},"2":{"loc":{"start":{"line":24,"column":4},"end":{"line":26,"column":5}},"type":"if","locations":[{"start":{"line":24,"column":4},"end":{"line":26,"column":5}},{"start":{"line":24,"column":4},"end":{"line":26,"column":5}}]},"3":{"loc":{"start":{"line":42,"column":9},"end":{"line":42,"column":14}},"type":"binary-expr","locations":[{"start":{"line":42,"column":9},"end":{"line":42,"column":14}},{"start":{"line":42,"column":15},"end":{"line":42,"column":4}}]},"4":{"loc":{"start":{"line":45,"column":39},"end":{"line":45,"column":18}},"type":"cond-expr","locations":[{"start":{"line":45,"column":39},"end":{"line":45,"column":18}},{"start":{"line":45,"column":51},"end":{"line":45,"column":6}}]},"5":{"loc":{"start":{"line":48,"column":6},"end":{"line":51,"column":7}},"type":"if","locations":[{"start":{"line":48,"column":6},"end":{"line":51,"column":7}},{"start":{"line":48,"column":6},"end":{"line":51,"column":7}}]},"6":{"loc":{"start":{"line":66,"column":15},"end":{"line":66,"column":51}},"type":"binary-expr","locations":[{"start":{"line":66,"column":15},"end":{"line":66,"column":51}},{"start":{"line":66,"column":52},"end":{"line":66,"column":4}}]}},"s":{"0":0,"1":0,"2":0,"3":0,"4":0,"5":0,"6":0,"7":0,"8":0,"9":0,"10":0,"11":0,"12":0,"13":0,"14":0,"15":0,"16":0,"17":0,"18":0,"19":0,"20":0,"21":0,"22":0,"23":0,"24":0,"25":0,"26":0,"27":0,"28":0,"29":0,"30":0,"31":0,"32":0,"33":0},"f":{"0":0,"1":0,"2":0,"3":0,"4":0,"5":0,"6":0,"7":0,"8":0,"9":0,"10":0},"b":{"0":[0],"1":[0,0],"2":[0,0],"3":[0,0],"4":[0,0],"5":[0,0],"6":[0,0]}}
,"/Users/maupal/Lab/wdlk-shopify-store/src/src/scripts/modules/sticky-navigation.ts": {"path":"/Users/maupal/Lab/wdlk-shopify-store/src/src/scripts/modules/sticky-navigation.ts","statementMap":{"0":{"start":{"line":1,"column":14},"end":{"line":null,"column":-1}},"1":{"start":{"line":13,"column":34},"end":{"line":13,"column":2}},"2":{"start":{"line":14,"column":2},"end":{"line":14,"column":30}},"3":{"start":{"line":14,"column":21},"end":{"line":null,"column":-1}},"4":{"start":{"line":16,"column":42},"end":{"line":16,"column":2}},"5":{"start":{"line":17,"column":39},"end":{"line":17,"column":2}},"6":{"start":{"line":23,"column":15},"end":{"line":23,"column":2}},"7":{"start":{"line":24,"column":4},"end":{"line":null,"column":-1}},"8":{"start":{"line":27,"column":2},"end":{"line":null,"column":-1}},"9":{"start":{"line":29,"column":26},"end":{"line":29,"column":2}},"10":{"start":{"line":30,"column":4},"end":{"line":32,"column":5}},"11":{"start":{"line":31,"column":8},"end":{"line":null,"column":-1}},"12":{"start":{"line":33,"column":4},"end":{"line":null,"column":-1}},"13":{"start":{"line":40,"column":17},"end":{"line":40,"column":2}},"14":{"start":{"line":44,"column":43},"end":{"line":44,"column":4}},"15":{"start":{"line":46,"column":4},"end":{"line":56,"column":5}},"16":{"start":{"line":47,"column":6},"end":{"line":null,"column":-1}},"17":{"start":{"line":50,"column":6},"end":{"line":null,"column":-1}},"18":{"start":{"line":54,"column":6},"end":{"line":null,"column":-1}},"19":{"start":{"line":58,"column":4},"end":{"line":null,"column":-1}},"20":{"start":{"line":64,"column":22},"end":{"line":64,"column":2}},"21":{"start":{"line":65,"column":4},"end":{"line":67,"column":5}},"22":{"start":{"line":66,"column":6},"end":{"line":null,"column":-1}},"23":{"start":{"line":69,"column":4},"end":{"line":null,"column":-1}},"24":{"start":{"line":72,"column":19},"end":{"line":72,"column":2}},"25":{"start":{"line":73,"column":4},"end":{"line":null,"column":-1}},"26":{"start":{"line":74,"column":4},"end":{"line":null,"column":-1}},"27":{"start":{"line":77,"column":2},"end":{"line":null,"column":-1}}},"fnMap":{"0":{"name":"stickyNavigation","decl":{"start":{"line":1,"column":14},"end":{"line":null,"column":-1}},"loc":{"start":{"line":1,"column":14},"end":{"line":78,"column":1}}},"1":{"name":"(anonymous_1)","decl":{"start":{"line":23,"column":15},"end":{"line":23,"column":25}},"loc":{"start":{"line":23,"column":26},"end":{"line":23,"column":2}}},"2":{"name":"(anonymous_2)","decl":{"start":{"line":29,"column":26},"end":{"line":29,"column":38}},"loc":{"start":{"line":29,"column":39},"end":{"line":29,"column":2}}},"3":{"name":"(anonymous_3)","decl":{"start":{"line":40,"column":17},"end":{"line":40,"column":21}},"loc":{"start":{"line":40,"column":22},"end":{"line":40,"column":2}}},"4":{"name":"(anonymous_4)","decl":{"start":{"line":64,"column":22},"end":{"line":64,"column":32}},"loc":{"start":{"line":64,"column":33},"end":{"line":64,"column":2}}},"5":{"name":"(anonymous_5)","decl":{"start":{"line":72,"column":19},"end":{"line":72,"column":29}},"loc":{"start":{"line":72,"column":30},"end":{"line":72,"column":2}}}},"branchMap":{"0":{"loc":{"start":{"line":14,"column":2},"end":{"line":14,"column":30}},"type":"if","locations":[{"start":{"line":14,"column":2},"end":{"line":14,"column":30}},{"start":{"line":14,"column":2},"end":{"line":14,"column":30}}]},"1":{"loc":{"start":{"line":30,"column":4},"end":{"line":32,"column":5}},"type":"if","locations":[{"start":{"line":30,"column":4},"end":{"line":32,"column":5}},{"start":{"line":30,"column":4},"end":{"line":32,"column":5}}]},"2":{"loc":{"start":{"line":46,"column":4},"end":{"line":56,"column":5}},"type":"if","locations":[{"start":{"line":46,"column":4},"end":{"line":56,"column":5}},{"start":{"line":46,"column":4},"end":{"line":56,"column":5}}]},"3":{"loc":{"start":{"line":65,"column":4},"end":{"line":67,"column":5}},"type":"if","locations":[{"start":{"line":65,"column":4},"end":{"line":67,"column":5}},{"start":{"line":65,"column":4},"end":{"line":67,"column":5}}]}},"s":{"0":0,"1":0,"2":0,"3":0,"4":0,"5":0,"6":0,"7":0,"8":0,"9":0,"10":0,"11":0,"12":0,"13":0,"14":0,"15":0,"16":0,"17":0,"18":0,"19":0,"20":0,"21":0,"22":0,"23":0,"24":0,"25":0,"26":0,"27":0},"f":{"0":0,"1":0,"2":0,"3":0,"4":0,"5":0},"b":{"0":[0,0],"1":[0,0],"2":[0,0],"3":[0,0]}}
,"/Users/maupal/Lab/wdlk-shopify-store/src/src/scripts/modules/storage-visibility-factory.ts": {"path":"/Users/maupal/Lab/wdlk-shopify-store/src/src/scripts/modules/storage-visibility-factory.ts","statementMap":{"0":{"start":{"line":8,"column":53},"end":{"line":null,"column":-1}},"1":{"start":{"line":9,"column":2},"end":{"line":null,"column":-1}},"2":{"start":{"line":12,"column":6},"end":{"line":16,"column":7}},"3":{"start":{"line":13,"column":8},"end":{"line":null,"column":-1}},"4":{"start":{"line":14,"column":8},"end":{"line":null,"column":-1}},"5":{"start":{"line":15,"column":8},"end":{"line":null,"column":-1}},"6":{"start":{"line":19,"column":6},"end":{"line":null,"column":-1}},"7":{"start":{"line":20,"column":6},"end":{"line":null,"column":-1}},"8":{"start":{"line":23,"column":6},"end":{"line":null,"column":-1}}},"fnMap":{},"branchMap":{"0":{"loc":{"start":{"line":12,"column":6},"end":{"line":16,"column":7}},"type":"if","locations":[{"start":{"line":12,"column":6},"end":{"line":16,"column":7}},{"start":{"line":12,"column":6},"end":{"line":16,"column":7}}]}},"s":{"0":0,"1":0,"2":0,"3":0,"4":0,"5":0,"6":0,"7":0,"8":0},"f":{},"b":{"0":[0,0]}}
,"/Users/maupal/Lab/wdlk-shopify-store/src/src/scripts/modules/theme.ts": {"path":"/Users/maupal/Lab/wdlk-shopify-store/src/src/scripts/modules/theme.ts","statementMap":{"0":{"start":{"line":1,"column":28},"end":{"line":null,"column":-1}},"1":{"start":{"line":1,"column":28},"end":{"line":1,"column":0}},"2":{"start":{"line":2,"column":26},"end":{"line":2,"column":2}},"3":{"start":{"line":3,"column":2},"end":{"line":5,"column":3}},"4":{"start":{"line":4,"column":4},"end":{"line":null,"column":-1}}},"fnMap":{"0":{"name":"(anonymous_0)","decl":{"start":{"line":1,"column":28},"end":{"line":null,"column":-1}},"loc":{"start":{"line":1,"column":28},"end":{"line":1,"column":0}}}},"branchMap":{"0":{"loc":{"start":{"line":3,"column":2},"end":{"line":5,"column":3}},"type":"if","locations":[{"start":{"line":3,"column":2},"end":{"line":5,"column":3}},{"start":{"line":3,"column":2},"end":{"line":5,"column":3}}]}},"s":{"0":0,"1":0,"2":0,"3":0,"4":0},"f":{"0":0},"b":{"0":[0,0]}}
,"/Users/maupal/Lab/wdlk-shopify-store/src/src/scripts/tracking/facebook-pixel.ts": {"path":"/Users/maupal/Lab/wdlk-shopify-store/src/src/scripts/tracking/facebook-pixel.ts","statementMap":{"0":{"start":{"line":1,"column":29},"end":{"line":null,"column":-1}},"1":{"start":{"line":1,"column":29},"end":{"line":1,"column":7}}},"fnMap":{},"branchMap":{},"s":{"0":0,"1":0},"f":{},"b":{}}
,"/Users/maupal/Lab/wdlk-shopify-store/src/src/scripts/tracking/google-analytics.ts": {"path":"/Users/maupal/Lab/wdlk-shopify-store/src/src/scripts/tracking/google-analytics.ts","statementMap":{"0":{"start":{"line":1,"column":31},"end":{"line":null,"column":-1}},"1":{"start":{"line":1,"column":31},"end":{"line":1,"column":7}}},"fnMap":{},"branchMap":{},"s":{"0":0,"1":0},"f":{},"b":{}}
,"/Users/maupal/Lab/wdlk-shopify-store/src/src/scripts/tracking/tracking-facebook.ts": {"path":"/Users/maupal/Lab/wdlk-shopify-store/src/src/scripts/tracking/tracking-facebook.ts","statementMap":{"0":{"start":{"line":1,"column":14},"end":{"line":null,"column":-1}},"1":{"start":{"line":2,"column":33},"end":{"line":2,"column":2}},"2":{"start":{"line":3,"column":33},"end":{"line":3,"column":2}},"3":{"start":{"line":5,"column":2},"end":{"line":23,"column":3}},"4":{"start":{"line":6,"column":29},"end":{"line":6,"column":4}},"5":{"start":{"line":7,"column":36},"end":{"line":7,"column":4}},"6":{"start":{"line":9,"column":4},"end":{"line":22,"column":5}},"7":{"start":{"line":10,"column":32},"end":{"line":10,"column":6}},"8":{"start":{"line":13,"column":6},"end":{"line":null,"column":-1}},"9":{"start":{"line":14,"column":8},"end":{"line":null,"column":-1}},"10":{"start":{"line":25,"column":2},"end":{"line":29,"column":3}},"11":{"start":{"line":26,"column":4},"end":{"line":null,"column":-1}},"12":{"start":{"line":27,"column":6},"end":{"line":null,"column":-1}}},"fnMap":{"0":{"name":"fbqTracking","decl":{"start":{"line":1,"column":14},"end":{"line":null,"column":-1}},"loc":{"start":{"line":1,"column":14},"end":{"line":30,"column":1}}},"1":{"name":"(anonymous_1)","decl":{"start":{"line":13,"column":36},"end":{"line":13,"column":46}},"loc":{"start":{"line":13,"column":47},"end":{"line":13,"column":6}}},"2":{"name":"(anonymous_2)","decl":{"start":{"line":26,"column":40},"end":{"line":26,"column":50}},"loc":{"start":{"line":26,"column":51},"end":{"line":26,"column":4}}}},"branchMap":{"0":{"loc":{"start":{"line":5,"column":2},"end":{"line":23,"column":3}},"type":"if","locations":[{"start":{"line":5,"column":2},"end":{"line":23,"column":3}},{"start":{"line":5,"column":2},"end":{"line":23,"column":3}}]},"1":{"loc":{"start":{"line":9,"column":4},"end":{"line":22,"column":5}},"type":"if","locations":[{"start":{"line":9,"column":4},"end":{"line":22,"column":5}},{"start":{"line":9,"column":4},"end":{"line":22,"column":5}}]},"2":{"loc":{"start":{"line":9,"column":8},"end":{"line":9,"column":14}},"type":"binary-expr","locations":[{"start":{"line":9,"column":8},"end":{"line":9,"column":14}},{"start":{"line":9,"column":15},"end":{"line":9,"column":4}}]},"3":{"loc":{"start":{"line":25,"column":2},"end":{"line":29,"column":3}},"type":"if","locations":[{"start":{"line":25,"column":2},"end":{"line":29,"column":3}},{"start":{"line":25,"column":2},"end":{"line":29,"column":3}}]}},"s":{"0":0,"1":0,"2":0,"3":0,"4":0,"5":0,"6":0,"7":0,"8":0,"9":0,"10":0,"11":0,"12":0},"f":{"0":0,"1":0,"2":0},"b":{"0":[0,0],"1":[0,0],"2":[0,0],"3":[0,0]}}
,"/Users/maupal/Lab/wdlk-shopify-store/src/src/scripts/tracking/tracking-project-cece.ts": {"path":"/Users/maupal/Lab/wdlk-shopify-store/src/src/scripts/tracking/tracking-project-cece.ts","statementMap":{"0":{"start":{"line":1,"column":14},"end":{"line":null,"column":-1}},"1":{"start":{"line":2,"column":12},"end":{"line":2,"column":2}},"2":{"start":{"line":4,"column":23},"end":{"line":4,"column":4}},"3":{"start":{"line":5,"column":4},"end":{"line":null,"column":-1}},"4":{"start":{"line":6,"column":4},"end":{"line":null,"column":-1}},"5":{"start":{"line":9,"column":2},"end":{"line":14,"column":3}},"6":{"start":{"line":10,"column":4},"end":{"line":null,"column":-1}},"7":{"start":{"line":11,"column":4},"end":{"line":13,"column":5}},"8":{"start":{"line":12,"column":6},"end":{"line":null,"column":-1}},"9":{"start":{"line":16,"column":2},"end":{"line":22,"column":3}},"10":{"start":{"line":17,"column":4},"end":{"line":21,"column":5}},"11":{"start":{"line":18,"column":6},"end":{"line":20,"column":7}},"12":{"start":{"line":19,"column":8},"end":{"line":null,"column":-1}}},"fnMap":{"0":{"name":"trackingCece","decl":{"start":{"line":1,"column":14},"end":{"line":null,"column":-1}},"loc":{"start":{"line":1,"column":14},"end":{"line":23,"column":1}}},"1":{"name":"set_cece_cookie","decl":{"start":{"line":3,"column":2},"end":{"line":3,"column":1}},"loc":{"start":{"line":3,"column":2},"end":{"line":7,"column":3}}}},"branchMap":{"0":{"loc":{"start":{"line":9,"column":2},"end":{"line":14,"column":3}},"type":"if","locations":[{"start":{"line":9,"column":2},"end":{"line":14,"column":3}},{"start":{"line":9,"column":2},"end":{"line":14,"column":3}}]},"1":{"loc":{"start":{"line":11,"column":4},"end":{"line":13,"column":5}},"type":"if","locations":[{"start":{"line":11,"column":4},"end":{"line":13,"column":5}},{"start":{"line":11,"column":4},"end":{"line":13,"column":5}}]},"2":{"loc":{"start":{"line":16,"column":2},"end":{"line":22,"column":3}},"type":"if","locations":[{"start":{"line":16,"column":2},"end":{"line":22,"column":3}},{"start":{"line":16,"column":2},"end":{"line":22,"column":3}}]},"3":{"loc":{"start":{"line":17,"column":4},"end":{"line":21,"column":5}},"type":"if","locations":[{"start":{"line":17,"column":4},"end":{"line":21,"column":5}},{"start":{"line":17,"column":4},"end":{"line":21,"column":5}}]},"4":{"loc":{"start":{"line":18,"column":6},"end":{"line":20,"column":7}},"type":"if","locations":[{"start":{"line":18,"column":6},"end":{"line":20,"column":7}},{"start":{"line":18,"column":6},"end":{"line":20,"column":7}}]}},"s":{"0":0,"1":0,"2":0,"3":0,"4":0,"5":0,"6":0,"7":0,"8":0,"9":0,"10":0,"11":0,"12":0},"f":{"0":0,"1":0},"b":{"0":[0,0],"1":[0,0],"2":[0,0],"3":[0,0],"4":[0,0]}}
,"/Users/maupal/Lab/wdlk-shopify-store/src/src/scripts/tracking/tracking.ts": {"path":"/Users/maupal/Lab/wdlk-shopify-store/src/src/scripts/tracking/tracking.ts","statementMap":{"0":{"start":{"line":2,"column":0},"end":{"line":null,"column":-1}},"1":{"start":{"line":7,"column":15},"end":{"line":7,"column":2}},"2":{"start":{"line":8,"column":15},"end":{"line":8,"column":2}},"3":{"start":{"line":9,"column":21},"end":{"line":9,"column":2}},"4":{"start":{"line":10,"column":21},"end":{"line":10,"column":2}},"5":{"start":{"line":12,"column":21},"end":{"line":12,"column":2}},"6":{"start":{"line":13,"column":4},"end":{"line":15,"column":5}},"7":{"start":{"line":14,"column":6},"end":{"line":null,"column":-1}},"8":{"start":{"line":18,"column":23},"end":{"line":18,"column":2}},"9":{"start":{"line":22,"column":17},"end":{"line":22,"column":4}},"10":{"start":{"line":23,"column":4},"end":{"line":null,"column":-1}},"11":{"start":{"line":24,"column":6},"end":{"line":26,"column":7}},"12":{"start":{"line":25,"column":8},"end":{"line":null,"column":-1}},"13":{"start":{"line":30,"column":21},"end":{"line":30,"column":2}},"14":{"start":{"line":31,"column":4},"end":{"line":35,"column":5}},"15":{"start":{"line":32,"column":6},"end":{"line":null,"column":-1}},"16":{"start":{"line":34,"column":6},"end":{"line":null,"column":-1}},"17":{"start":{"line":36,"column":4},"end":{"line":null,"column":-1}},"18":{"start":{"line":39,"column":2},"end":{"line":41,"column":3}},"19":{"start":{"line":40,"column":4},"end":{"line":null,"column":-1}},"20":{"start":{"line":43,"column":2},"end":{"line":45,"column":3}},"21":{"start":{"line":44,"column":4},"end":{"line":null,"column":-1}},"22":{"start":{"line":47,"column":2},"end":{"line":49,"column":3}},"23":{"start":{"line":48,"column":4},"end":{"line":null,"column":-1}},"24":{"start":{"line":51,"column":2},"end":{"line":53,"column":3}},"25":{"start":{"line":52,"column":4},"end":{"line":null,"column":-1}},"26":{"start":{"line":55,"column":23},"end":{"line":55,"column":2}},"27":{"start":{"line":56,"column":4},"end":{"line":87,"column":5}},"28":{"start":{"line":57,"column":6},"end":{"line":null,"column":-1}},"29":{"start":{"line":59,"column":35},"end":{"line":59,"column":10}},"30":{"start":{"line":60,"column":12},"end":{"line":null,"column":-1}},"31":{"start":{"line":61,"column":12},"end":{"line":null,"column":-1}},"32":{"start":{"line":65,"column":12},"end":{"line":null,"column":-1}},"33":{"start":{"line":67,"column":10},"end":{"line":null,"column":-1}},"34":{"start":{"line":68,"column":10},"end":{"line":null,"column":-1}},"35":{"start":{"line":70,"column":35},"end":{"line":70,"column":10}},"36":{"start":{"line":71,"column":12},"end":{"line":null,"column":-1}},"37":{"start":{"line":72,"column":12},"end":{"line":null,"column":-1}},"38":{"start":{"line":76,"column":31},"end":{"line":76,"column":12}},"39":{"start":{"line":77,"column":31},"end":{"line":77,"column":12}},"40":{"start":{"line":79,"column":12},"end":{"line":null,"column":-1}},"41":{"start":{"line":82,"column":12},"end":{"line":null,"column":-1}},"42":{"start":{"line":83,"column":12},"end":{"line":null,"column":-1}},"43":{"start":{"line":85,"column":10},"end":{"line":57,"column":6}},"44":{"start":{"line":90,"column":2},"end":{"line":null,"column":-1}},"45":{"start":{"line":91,"column":2},"end":{"line":null,"column":-1}},"46":{"start":{"line":94,"column":0},"end":{"line":null,"column":-1}}},"fnMap":{"0":{"name":"tracking","decl":{"start":{"line":6,"column":14},"end":{"line":6,"column":13}},"loc":{"start":{"line":6,"column":14},"end":{"line":92,"column":1}}},"1":{"name":"(anonymous_2)","decl":{"start":{"line":12,"column":21},"end":{"line":12,"column":19}},"loc":{"start":{"line":12,"column":39},"end":{"line":12,"column":2}}},"2":{"name":"(anonymous_3)","decl":{"start":{"line":18,"column":23},"end":{"line":19,"column":4}},"loc":{"start":{"line":21,"column":6},"end":{"line":18,"column":2}}},"3":{"name":"(anonymous_4)","decl":{"start":{"line":23,"column":18},"end":{"line":23,"column":16}},"loc":{"start":{"line":23,"column":38},"end":{"line":23,"column":4}}},"4":{"name":"(anonymous_5)","decl":{"start":{"line":30,"column":21},"end":{"line":30,"column":19}},"loc":{"start":{"line":30,"column":52},"end":{"line":30,"column":2}}},"5":{"name":"(anonymous_6)","decl":{"start":{"line":55,"column":23},"end":{"line":55,"column":24}},"loc":{"start":{"line":55,"column":68},"end":{"line":55,"column":2}}},"6":{"name":"(anonymous_7)","decl":{"start":{"line":59,"column":35},"end":{"line":59,"column":39}},"loc":{"start":{"line":59,"column":40},"end":{"line":59,"column":10}}},"7":{"name":"(anonymous_8)","decl":{"start":{"line":70,"column":35},"end":{"line":70,"column":39}},"loc":{"start":{"line":70,"column":40},"end":{"line":70,"column":10}}}},"branchMap":{"0":{"loc":{"start":{"line":13,"column":4},"end":{"line":15,"column":5}},"type":"if","locations":[{"start":{"line":13,"column":4},"end":{"line":15,"column":5}},{"start":{"line":13,"column":4},"end":{"line":15,"column":5}}]},"1":{"loc":{"start":{"line":24,"column":6},"end":{"line":26,"column":7}},"type":"if","locations":[{"start":{"line":24,"column":6},"end":{"line":26,"column":7}},{"start":{"line":24,"column":6},"end":{"line":26,"column":7}}]},"2":{"loc":{"start":{"line":31,"column":4},"end":{"line":35,"column":5}},"type":"if","locations":[{"start":{"line":31,"column":4},"end":{"line":35,"column":5}},{"start":{"line":31,"column":4},"end":{"line":35,"column":5}}]},"3":{"loc":{"start":{"line":39,"column":2},"end":{"line":41,"column":3}},"type":"if","locations":[{"start":{"line":39,"column":2},"end":{"line":41,"column":3}},{"start":{"line":39,"column":2},"end":{"line":41,"column":3}}]},"4":{"loc":{"start":{"line":43,"column":2},"end":{"line":45,"column":3}},"type":"if","locations":[{"start":{"line":43,"column":2},"end":{"line":45,"column":3}},{"start":{"line":43,"column":2},"end":{"line":45,"column":3}}]},"5":{"loc":{"start":{"line":47,"column":2},"end":{"line":49,"column":3}},"type":"if","locations":[{"start":{"line":47,"column":2},"end":{"line":49,"column":3}},{"start":{"line":47,"column":2},"end":{"line":49,"column":3}}]},"6":{"loc":{"start":{"line":51,"column":2},"end":{"line":53,"column":3}},"type":"if","locations":[{"start":{"line":51,"column":2},"end":{"line":53,"column":3}},{"start":{"line":51,"column":2},"end":{"line":53,"column":3}}]},"7":{"loc":{"start":{"line":56,"column":4},"end":{"line":87,"column":5}},"type":"if","locations":[{"start":{"line":56,"column":4},"end":{"line":87,"column":5}},{"start":{"line":56,"column":4},"end":{"line":87,"column":5}}]},"8":{"loc":{"start":{"line":58,"column":8},"end":{"line":68,"column":10}},"type":"switch","locations":[{"start":{"line":58,"column":8},"end":{"line":68,"column":10}},{"start":{"line":69,"column":8},"end":{"line":57,"column":6}}]}},"s":{"0":0,"1":0,"2":0,"3":0,"4":0,"5":0,"6":0,"7":0,"8":0,"9":0,"10":0,"11":0,"12":0,"13":0,"14":0,"15":0,"16":0,"17":0,"18":0,"19":0,"20":0,"21":0,"22":0,"23":0,"24":0,"25":0,"26":0,"27":0,"28":0,"29":0,"30":0,"31":0,"32":0,"33":0,"34":0,"35":0,"36":0,"37":0,"38":0,"39":0,"40":0,"41":0,"42":0,"43":0,"44":0,"45":0,"46":0},"f":{"0":0,"1":0,"2":0,"3":0,"4":0,"5":0,"6":0,"7":0},"b":{"0":[0,0],"1":[0,0],"2":[0,0],"3":[0,0],"4":[0,0],"5":[0,0],"6":[0,0],"7":[0,0],"8":[0,0]}}
}
